DEBUG:paramiko.transport:starting thread (client mode): 0x34dc240
DEBUG:paramiko.transport:Local version/idstring: SSH-2.0-paramiko_2.4.2
DEBUG:paramiko.transport:Remote version/idstring: SSH-2.0-OpenSSH_6.2
INFO:paramiko.transport:Connected (version 2.0, client OpenSSH_6.2)
DEBUG:paramiko.transport:kex algos:['ecdh-sha2-nistp256', 'ecdh-sha2-nistp384', 'ecdh-sha2-nistp521', 'diffie-hellman-group14-sha1', 'diffie-hellman-group-exchange-sha256'] server key:['ssh-rsa', 'ssh-dss'] client encrypt:['aes128-ctr', 'aes192-ctr', 'aes256-ctr', 'aes128-gcm@openssh.com', 'aes256-gcm@openssh.com'] server encrypt:['aes128-ctr', 'aes192-ctr', 'aes256-ctr', 'aes128-gcm@openssh.com', 'aes256-gcm@openssh.com'] client mac:['hmac-sha1', 'umac-64@openssh.com', 'hmac-ripemd160', 'hmac-sha2-256'] server mac:['hmac-sha1', 'umac-64@openssh.com', 'hmac-ripemd160', 'hmac-sha2-256'] client compress:['none'] server compress:['none'] client lang:[''] server lang:[''] kex follows?False
DEBUG:paramiko.transport:Kex agreed: ecdh-sha2-nistp256
DEBUG:paramiko.transport:HostKey agreed: ssh-rsa
DEBUG:paramiko.transport:Cipher agreed: aes128-ctr
DEBUG:paramiko.transport:MAC agreed: hmac-sha2-256
DEBUG:paramiko.transport:Compression agreed: none
DEBUG:paramiko.transport:kex engine KexNistp256 specified hash_algo <built-in function openssl_sha256>
DEBUG:paramiko.transport:Switch to new keys ...
DEBUG:paramiko.transport:Attempting password auth...
DEBUG:paramiko.transport:userauth is OK
INFO:paramiko.transport:Authentication (password) successful!
DEBUG:paramiko.transport:[chan 0] Max packet in: 32768 bytes
DEBUG:paramiko.transport:[chan 0] Max packet out: 32768 bytes
DEBUG:paramiko.transport:Secsh channel 0 opened.
DEBUG:paramiko.transport:[chan 0] Sesch channel 0 request ok
INFO:paramiko.transport.sftp:[chan 0] Opened sftp connection (server version 3)
DEBUG:paramiko.transport.sftp:[chan 0] open(b'/sdboot/up/NPT1300_Emb.bin', 'wb')
DEBUG:paramiko.transport.sftp:[chan 0] open(b'/sdboot/up/NPT1300_Emb.bin', 'wb') -> 00000000
DEBUG:paramiko.transport.sftp:[chan 0] close(00000000)
DEBUG:paramiko.transport.sftp:[chan 0] stat(b'/sdboot/up/NPT1300_Emb.bin')
DEBUG:paramiko.transport:[chan 1] Max packet in: 32768 bytes
DEBUG:paramiko.transport:[chan 1] Max packet out: 32768 bytes
DEBUG:paramiko.transport:Secsh channel 1 opened.
DEBUG:paramiko.transport:[chan 1] Sesch channel 1 request ok
DEBUG:paramiko.transport:[chan 1] EOF received (1)
DEBUG:paramiko.transport:[chan 1] EOF sent (1)
DEBUG:paramiko.transport:starting thread (client mode): 0x398c240
DEBUG:paramiko.transport:Local version/idstring: SSH-2.0-paramiko_2.4.2
DEBUG:paramiko.transport:Remote version/idstring: SSH-2.0-OpenSSH_6.2
INFO:paramiko.transport:Connected (version 2.0, client OpenSSH_6.2)
DEBUG:paramiko.transport:kex algos:['ecdh-sha2-nistp256', 'ecdh-sha2-nistp384', 'ecdh-sha2-nistp521', 'diffie-hellman-group14-sha1', 'diffie-hellman-group-exchange-sha256'] server key:['ssh-rsa', 'ssh-dss'] client encrypt:['aes128-ctr', 'aes192-ctr', 'aes256-ctr', 'aes128-gcm@openssh.com', 'aes256-gcm@openssh.com'] server encrypt:['aes128-ctr', 'aes192-ctr', 'aes256-ctr', 'aes128-gcm@openssh.com', 'aes256-gcm@openssh.com'] client mac:['hmac-sha1', 'umac-64@openssh.com', 'hmac-ripemd160', 'hmac-sha2-256'] server mac:['hmac-sha1', 'umac-64@openssh.com', 'hmac-ripemd160', 'hmac-sha2-256'] client compress:['none'] server compress:['none'] client lang:[''] server lang:[''] kex follows?False
DEBUG:paramiko.transport:Kex agreed: ecdh-sha2-nistp256
DEBUG:paramiko.transport:HostKey agreed: ssh-rsa
DEBUG:paramiko.transport:Cipher agreed: aes128-ctr
DEBUG:paramiko.transport:MAC agreed: hmac-sha2-256
DEBUG:paramiko.transport:Compression agreed: none
DEBUG:paramiko.transport:kex engine KexNistp256 specified hash_algo <built-in function openssl_sha256>
DEBUG:paramiko.transport:Switch to new keys ...
DEBUG:paramiko.transport:Adding ssh-rsa host key for 200.200.130.81: b'67f3ab855c0f25ebfb0114e11236e16e'
DEBUG:paramiko.transport:userauth is OK
INFO:paramiko.transport:Authentication (password) successful!
DEBUG:paramiko.transport:[chan 0] Max packet in: 32768 bytes
DEBUG:paramiko.transport:[chan 0] Max packet out: 32768 bytes
DEBUG:paramiko.transport:Secsh channel 0 opened.
DEBUG:paramiko.transport:[chan 0] Sesch channel 0 request ok
DEBUG:paramiko.transport:[chan 0] Sesch channel 0 request ok
DEBUG:paramiko.transport:[chan 0] Unhandled channel request "keepalive@openssh.com"
DEBUG:paramiko.transport:[chan 0] EOF sent (0)
DEBUG:paramiko.transport:starting thread (client mode): 0x398ca20
DEBUG:paramiko.transport:Local version/idstring: SSH-2.0-paramiko_2.4.2
DEBUG:paramiko.transport:Remote version/idstring: SSH-2.0-OpenSSH_6.2
INFO:paramiko.transport:Connected (version 2.0, client OpenSSH_6.2)
DEBUG:paramiko.transport:kex algos:['ecdh-sha2-nistp256', 'ecdh-sha2-nistp384', 'ecdh-sha2-nistp521', 'diffie-hellman-group14-sha1', 'diffie-hellman-group-exchange-sha256'] server key:['ssh-rsa', 'ssh-dss'] client encrypt:['aes128-ctr', 'aes192-ctr', 'aes256-ctr', 'aes128-gcm@openssh.com', 'aes256-gcm@openssh.com'] server encrypt:['aes128-ctr', 'aes192-ctr', 'aes256-ctr', 'aes128-gcm@openssh.com', 'aes256-gcm@openssh.com'] client mac:['hmac-sha1', 'umac-64@openssh.com', 'hmac-ripemd160', 'hmac-sha2-256'] server mac:['hmac-sha1', 'umac-64@openssh.com', 'hmac-ripemd160', 'hmac-sha2-256'] client compress:['none'] server compress:['none'] client lang:[''] server lang:[''] kex follows?False
DEBUG:paramiko.transport:Kex agreed: ecdh-sha2-nistp256
DEBUG:paramiko.transport:HostKey agreed: ssh-rsa
DEBUG:paramiko.transport:Cipher agreed: aes128-ctr
DEBUG:paramiko.transport:MAC agreed: hmac-sha2-256
DEBUG:paramiko.transport:Compression agreed: none
DEBUG:paramiko.transport:kex engine KexNistp256 specified hash_algo <built-in function openssl_sha256>
DEBUG:paramiko.transport:Switch to new keys ...
DEBUG:paramiko.transport:Adding ssh-rsa host key for 200.200.130.81: b'67f3ab855c0f25ebfb0114e11236e16e'
DEBUG:paramiko.transport:[chan 0] Unhandled channel request "exit-signal"
DEBUG:paramiko.transport:userauth is OK
INFO:paramiko.transport:Authentication (password) successful!
DEBUG:paramiko.transport:[chan 0] Max packet in: 32768 bytes
DEBUG:paramiko.transport:[chan 0] Max packet out: 32768 bytes
DEBUG:paramiko.transport:Secsh channel 0 opened.
DEBUG:paramiko.transport:[chan 0] Sesch channel 0 request ok
DEBUG:paramiko.transport:[chan 0] Sesch channel 0 request ok
INFO:root:b'Last login: Wed Jan  2 09:53:00 2019 from 200.200.1.84\r\r\nconfigure\r\nshow | display-set | save /sdboot/lastone\r\nsync\r\nrun request reset ne\r\n\r\nadmin@13081> configure\r\n\x1b[KEntering configuration mode\r\n\x1b[KUsers currently editing the configuration:\r\n\x1b[K  admin terminal pts/1 (pid 12598) on since Dec 29 13:18, idle 3d 20:34:57\r\n\x1b[K      [edit]\r\n\r\n[edit]\r\nadmin@13081# show | display-set | save /sdboot/lastone \r\n\r\nWrote 522 lines of output to \'/sdboot/lastone\'\r\n\r\n[edit]\r\nadmin@13081# sync\r\n\x1b[Kerror: unknown command "sync"\r\n\r\n[edit]\r\nadmin@13081# run request reset ne\r\n\r\n[WARNING!] This operation is traffic-affecting, it will result in NE restart and NE management will be lost for several minutes, are you sure to continue? [yes,no] (no) yes\r\n\x07\r\r\nBroadcast message from root@13081 (Wed Jan  2 09:53:23 2019):\r\r\n\r\r\nSystem will be cold reset, all commit will be block!\r\r\n\r\n[edit]\r\nadmin@13081# '
DEBUG:paramiko.transport:[chan 0] EOF sent (0)
DEBUG:paramiko.transport.sftp:[chan 0] stat(b'/sdboot/lastone')
DEBUG:paramiko.transport.sftp:[chan 0] open(b'/sdboot/lastone', 'rb')
DEBUG:paramiko.transport.sftp:[chan 0] open(b'/sdboot/lastone', 'rb') -> 00000000
DEBUG:paramiko.transport:[chan 0] Unhandled channel request "exit-signal"
DEBUG:paramiko.transport.sftp:[chan 0] close(00000000)
DEBUG:paramiko.transport:EOF in transport thread
DEBUG:paramiko.transport:EOF in transport thread
